{"C:\\Users\\User\\Desktop\\SDP\\code\\frontend\\assetsTransformer.js": {"path":"C:\\Users\\User\\Desktop\\SDP\\code\\frontend\\assetsTransformer.js","statementMap":{"0":{"start":{"line":1,"column":13},"end":{"line":1,"column":28}},"1":{"start":{"line":3,"column":0},"end":{"line":3,"column":20}}},"fnMap":{},"branchMap":{},"s":{"0":2,"1":2},"f":{},"b":{},"_coverageSchema":"1a1c01bbd47fc00a2c39e90264f33305004495a9","hash":"4d9b5b0afd429065c4aa8fffa05e9082b4dacbf5"}
,"C:\\Users\\User\\Desktop\\SDP\\code\\frontend\\src\\ExchangeSdp.js": {"path":"C:\\Users\\User\\Desktop\\SDP\\code\\frontend\\src\\ExchangeSdp.js","statementMap":{"0":{"start":{"line":3,"column":2},"end":{"line":3,"column":55}},"1":{"start":{"line":4,"column":2},"end":{"line":4,"column":28}},"2":{"start":{"line":8,"column":25},"end":{"line":14,"column":3}},"3":{"start":{"line":16,"column":19},"end":{"line":16,"column":64}},"4":{"start":{"line":17,"column":17},"end":{"line":17,"column":40}},"5":{"start":{"line":18,"column":2},"end":{"line":18,"column":34}}},"fnMap":{"0":{"name":"(anonymous_0)","decl":{"start":{"line":2,"column":1},"end":{"line":2,"column":2}},"loc":{"start":{"line":2,"column":29},"end":{"line":5,"column":2}},"line":2},"1":{"name":"(anonymous_1)","decl":{"start":{"line":7,"column":1},"end":{"line":7,"column":2}},"loc":{"start":{"line":7,"column":33},"end":{"line":19,"column":2}},"line":7}},"branchMap":{"0":{"loc":{"start":{"line":7,"column":15},"end":{"line":7,"column":31}},"type":"default-arg","locations":[{"start":{"line":7,"column":26},"end":{"line":7,"column":31}}],"line":7}},"s":{"0":2,"1":2,"2":1,"3":1,"4":1,"5":1},"f":{"0":2,"1":1},"b":{"0":[0]},"_coverageSchema":"1a1c01bbd47fc00a2c39e90264f33305004495a9","hash":"ce4860fd99f65dc4bcfbc2322ab70eda0c6f5a1b"}
,"C:\\Users\\User\\Desktop\\SDP\\code\\frontend\\src\\components\\AddItem.js": {"path":"C:\\Users\\User\\Desktop\\SDP\\code\\frontend\\src\\components\\AddItem.js","statementMap":{"0":{"start":{"line":7,"column":2},"end":{"line":7,"column":15}},"1":{"start":{"line":8,"column":2},"end":{"line":11,"column":4}},"2":{"start":{"line":14,"column":12},"end":{"line":28,"column":2}},"3":{"start":{"line":15,"column":2},"end":{"line":17,"column":3}},"4":{"start":{"line":16,"column":3},"end":{"line":16,"column":10}},"5":{"start":{"line":18,"column":2},"end":{"line":27,"column":3}},"6":{"start":{"line":19,"column":3},"end":{"line":19,"column":40}},"7":{"start":{"line":21,"column":3},"end":{"line":21,"column":32}},"8":{"start":{"line":22,"column":3},"end":{"line":26,"column":4}},"9":{"start":{"line":23,"column":4},"end":{"line":23,"column":23}},"10":{"start":{"line":25,"column":4},"end":{"line":25,"column":11}},"11":{"start":{"line":30,"column":12},"end":{"line":30,"column":69}},"12":{"start":{"line":30,"column":19},"end":{"line":30,"column":69}},"13":{"start":{"line":33,"column":2},"end":{"line":74,"column":4}},"14":{"start":{"line":78,"column":0},"end":{"line":80,"column":2}}},"fnMap":{"0":{"name":"(anonymous_0)","decl":{"start":{"line":6,"column":1},"end":{"line":6,"column":2}},"loc":{"start":{"line":6,"column":20},"end":{"line":12,"column":2}},"line":6},"1":{"name":"(anonymous_1)","decl":{"start":{"line":14,"column":12},"end":{"line":14,"column":13}},"loc":{"start":{"line":14,"column":19},"end":{"line":28,"column":2}},"line":14},"2":{"name":"(anonymous_2)","decl":{"start":{"line":30,"column":12},"end":{"line":30,"column":13}},"loc":{"start":{"line":30,"column":19},"end":{"line":30,"column":69}},"line":30},"3":{"name":"(anonymous_3)","decl":{"start":{"line":32,"column":1},"end":{"line":32,"column":2}},"loc":{"start":{"line":32,"column":10},"end":{"line":75,"column":2}},"line":32}},"branchMap":{"0":{"loc":{"start":{"line":15,"column":2},"end":{"line":17,"column":3}},"type":"if","locations":[{"start":{"line":15,"column":2},"end":{"line":17,"column":3}},{"start":{"line":15,"column":2},"end":{"line":17,"column":3}}],"line":15}},"s":{"0":4,"1":4,"2":4,"3":2,"4":1,"5":1,"6":1,"7":1,"8":1,"9":1,"10":1,"11":4,"12":0,"13":6,"14":2},"f":{"0":4,"1":2,"2":0,"3":6},"b":{"0":[1,1]},"_coverageSchema":"1a1c01bbd47fc00a2c39e90264f33305004495a9","hash":"50d092b20ac628e348552d01778dfefb67a5001f"}
,"C:\\Users\\User\\Desktop\\SDP\\code\\frontend\\src\\components\\Atn.js": {"path":"C:\\Users\\User\\Desktop\\SDP\\code\\frontend\\src\\components\\Atn.js","statementMap":{"0":{"start":{"line":16,"column":2},"end":{"line":16,"column":13}},"1":{"start":{"line":17,"column":2},"end":{"line":17,"column":13}},"2":{"start":{"line":20,"column":2},"end":{"line":20,"column":16}},"3":{"start":{"line":23,"column":2},"end":{"line":23,"column":16}},"4":{"start":{"line":28,"column":2},"end":{"line":28,"column":22}},"5":{"start":{"line":29,"column":2},"end":{"line":29,"column":21}},"6":{"start":{"line":30,"column":2},"end":{"line":30,"column":19}},"7":{"start":{"line":31,"column":2},"end":{"line":31,"column":17}},"8":{"start":{"line":32,"column":2},"end":{"line":32,"column":17}},"9":{"start":{"line":33,"column":2},"end":{"line":33,"column":23}},"10":{"start":{"line":36,"column":13},"end":{"line":36,"column":15}},"11":{"start":{"line":37,"column":2},"end":{"line":37,"column":70}},"12":{"start":{"line":37,"column":15},"end":{"line":37,"column":16}},"13":{"start":{"line":37,"column":49},"end":{"line":37,"column":70}},"14":{"start":{"line":38,"column":2},"end":{"line":38,"column":19}},"15":{"start":{"line":41,"column":2},"end":{"line":41,"column":23}},"16":{"start":{"line":44,"column":2},"end":{"line":44,"column":22}},"17":{"start":{"line":47,"column":2},"end":{"line":47,"column":30}},"18":{"start":{"line":50,"column":2},"end":{"line":50,"column":30}},"19":{"start":{"line":53,"column":2},"end":{"line":53,"column":48}},"20":{"start":{"line":56,"column":2},"end":{"line":56,"column":39}},"21":{"start":{"line":56,"column":22},"end":{"line":56,"column":39}},"22":{"start":{"line":59,"column":2},"end":{"line":59,"column":19}},"23":{"start":{"line":62,"column":2},"end":{"line":62,"column":24}},"24":{"start":{"line":65,"column":2},"end":{"line":65,"column":24}},"25":{"start":{"line":68,"column":2},"end":{"line":68,"column":28}},"26":{"start":{"line":71,"column":2},"end":{"line":71,"column":26}},"27":{"start":{"line":74,"column":2},"end":{"line":74,"column":56}},"28":{"start":{"line":74,"column":38},"end":{"line":74,"column":56}},"29":{"start":{"line":77,"column":2},"end":{"line":77,"column":19}},"30":{"start":{"line":80,"column":2},"end":{"line":80,"column":20}},"31":{"start":{"line":83,"column":2},"end":{"line":83,"column":19}},"32":{"start":{"line":86,"column":2},"end":{"line":86,"column":32}},"33":{"start":{"line":89,"column":2},"end":{"line":89,"column":36}},"34":{"start":{"line":92,"column":2},"end":{"line":92,"column":36}},"35":{"start":{"line":95,"column":2},"end":{"line":98,"column":3}},"36":{"start":{"line":96,"column":3},"end":{"line":96,"column":35}},"37":{"start":{"line":97,"column":3},"end":{"line":97,"column":25}},"38":{"start":{"line":102,"column":18},"end":{"line":102,"column":78}},"39":{"start":{"line":106,"column":2},"end":{"line":106,"column":15}},"40":{"start":{"line":107,"column":2},"end":{"line":121,"column":4}},"41":{"start":{"line":122,"column":2},"end":{"line":122,"column":34}},"42":{"start":{"line":126,"column":25},"end":{"line":126,"column":57}},"43":{"start":{"line":127,"column":2},"end":{"line":128,"column":46}},"44":{"start":{"line":128,"column":3},"end":{"line":128,"column":45}},"45":{"start":{"line":129,"column":2},"end":{"line":138,"column":4}},"46":{"start":{"line":130,"column":3},"end":{"line":130,"column":64}},"47":{"start":{"line":131,"column":3},"end":{"line":133,"column":4}},"48":{"start":{"line":132,"column":4},"end":{"line":132,"column":11}},"49":{"start":{"line":135,"column":3},"end":{"line":137,"column":6}},"50":{"start":{"line":136,"column":4},"end":{"line":136,"column":53}},"51":{"start":{"line":139,"column":2},"end":{"line":139,"column":65}},"52":{"start":{"line":139,"column":38},"end":{"line":139,"column":64}},"53":{"start":{"line":140,"column":2},"end":{"line":140,"column":68}},"54":{"start":{"line":141,"column":2},"end":{"line":162,"column":6}},"55":{"start":{"line":144,"column":4},"end":{"line":148,"column":5}},"56":{"start":{"line":145,"column":5},"end":{"line":145,"column":53}},"57":{"start":{"line":147,"column":5},"end":{"line":147,"column":20}},"58":{"start":{"line":151,"column":22},"end":{"line":154,"column":5}},"59":{"start":{"line":155,"column":24},"end":{"line":155,"column":49}},"60":{"start":{"line":157,"column":4},"end":{"line":159,"column":7}},"61":{"start":{"line":161,"column":4},"end":{"line":161,"column":17}},"62":{"start":{"line":164,"column":2},"end":{"line":164,"column":24}},"63":{"start":{"line":168,"column":15},"end":{"line":168,"column":25}},"64":{"start":{"line":170,"column":2},"end":{"line":170,"column":18}},"65":{"start":{"line":171,"column":2},"end":{"line":171,"column":24}},"66":{"start":{"line":173,"column":2},"end":{"line":173,"column":35}},"67":{"start":{"line":175,"column":2},"end":{"line":175,"column":52}},"68":{"start":{"line":176,"column":2},"end":{"line":176,"column":54}},"69":{"start":{"line":178,"column":2},"end":{"line":182,"column":5}},"70":{"start":{"line":186,"column":2},"end":{"line":186,"column":39}},"71":{"start":{"line":190,"column":2},"end":{"line":190,"column":32}},"72":{"start":{"line":193,"column":2},"end":{"line":193,"column":75}},"73":{"start":{"line":193,"column":45},"end":{"line":193,"column":75}},"74":{"start":{"line":196,"column":2},"end":{"line":196,"column":43}},"75":{"start":{"line":199,"column":2},"end":{"line":199,"column":34}},"76":{"start":{"line":202,"column":14},"end":{"line":202,"column":50}},"77":{"start":{"line":203,"column":2},"end":{"line":203,"column":77}},"78":{"start":{"line":204,"column":17},"end":{"line":204,"column":65}},"79":{"start":{"line":205,"column":24},"end":{"line":205,"column":71}},"80":{"start":{"line":206,"column":24},"end":{"line":206,"column":42}},"81":{"start":{"line":207,"column":17},"end":{"line":207,"column":50}},"82":{"start":{"line":208,"column":2},"end":{"line":250,"column":3}},"83":{"start":{"line":208,"column":15},"end":{"line":208,"column":16}},"84":{"start":{"line":209,"column":3},"end":{"line":249,"column":4}},"85":{"start":{"line":210,"column":4},"end":{"line":237,"column":5}},"86":{"start":{"line":211,"column":5},"end":{"line":211,"column":21}},"87":{"start":{"line":212,"column":5},"end":{"line":212,"column":62}},"88":{"start":{"line":213,"column":5},"end":{"line":213,"column":66}},"89":{"start":{"line":214,"column":5},"end":{"line":217,"column":7}},"90":{"start":{"line":218,"column":5},"end":{"line":227,"column":6}},"91":{"start":{"line":219,"column":14},"end":{"line":219,"column":15}},"92":{"start":{"line":223,"column":6},"end":{"line":226,"column":8}},"93":{"start":{"line":228,"column":5},"end":{"line":228,"column":18}},"94":{"start":{"line":229,"column":11},"end":{"line":237,"column":5}},"95":{"start":{"line":230,"column":5},"end":{"line":230,"column":60}},"96":{"start":{"line":231,"column":5},"end":{"line":236,"column":7}},"97":{"start":{"line":238,"column":10},"end":{"line":249,"column":4}},"98":{"start":{"line":239,"column":4},"end":{"line":239,"column":59}},"99":{"start":{"line":240,"column":4},"end":{"line":243,"column":43}},"100":{"start":{"line":244,"column":4},"end":{"line":248,"column":6}},"101":{"start":{"line":253,"column":25},"end":{"line":253,"column":27}},"102":{"start":{"line":254,"column":19},"end":{"line":259,"column":3}},"103":{"start":{"line":256,"column":4},"end":{"line":256,"column":22}},"104":{"start":{"line":260,"column":2},"end":{"line":260,"column":44}},"105":{"start":{"line":263,"column":2},"end":{"line":265,"column":74}},"106":{"start":{"line":264,"column":3},"end":{"line":265,"column":74}},"107":{"start":{"line":265,"column":4},"end":{"line":265,"column":74}},"108":{"start":{"line":268,"column":2},"end":{"line":268,"column":34}},"109":{"start":{"line":271,"column":2},"end":{"line":271,"column":32}},"110":{"start":{"line":274,"column":2},"end":{"line":274,"column":32}},"111":{"start":{"line":277,"column":2},"end":{"line":277,"column":20}},"112":{"start":{"line":280,"column":2},"end":{"line":304,"column":15}},"113":{"start":{"line":281,"column":3},"end":{"line":281,"column":29}},"114":{"start":{"line":282,"column":3},"end":{"line":282,"column":47}},"115":{"start":{"line":282,"column":27},"end":{"line":282,"column":47}},"116":{"start":{"line":283,"column":3},"end":{"line":303,"column":4}},"117":{"start":{"line":283,"column":42},"end":{"line":283,"column":60}},"118":{"start":{"line":284,"column":8},"end":{"line":303,"column":4}},"119":{"start":{"line":285,"column":4},"end":{"line":285,"column":76}},"120":{"start":{"line":286,"column":10},"end":{"line":303,"column":4}},"121":{"start":{"line":291,"column":19},"end":{"line":291,"column":47}},"122":{"start":{"line":292,"column":4},"end":{"line":293,"column":58}},"123":{"start":{"line":293,"column":5},"end":{"line":293,"column":58}},"124":{"start":{"line":293,"column":24},"end":{"line":293,"column":58}},"125":{"start":{"line":294,"column":4},"end":{"line":302,"column":27}},"126":{"start":{"line":295,"column":5},"end":{"line":302,"column":27}},"127":{"start":{"line":300,"column":6},"end":{"line":302,"column":27}},"128":{"start":{"line":307,"column":2},"end":{"line":307,"column":37}},"129":{"start":{"line":308,"column":14},"end":{"line":308,"column":26}},"130":{"start":{"line":309,"column":2},"end":{"line":316,"column":3}},"131":{"start":{"line":310,"column":3},"end":{"line":315,"column":74}},"132":{"start":{"line":313,"column":4},"end":{"line":313,"column":34}},"133":{"start":{"line":315,"column":4},"end":{"line":315,"column":74}},"134":{"start":{"line":317,"column":2},"end":{"line":324,"column":4}},"135":{"start":{"line":325,"column":2},"end":{"line":335,"column":47}},"136":{"start":{"line":326,"column":3},"end":{"line":328,"column":5}},"137":{"start":{"line":329,"column":3},"end":{"line":331,"column":5}},"138":{"start":{"line":333,"column":3},"end":{"line":335,"column":47}},"139":{"start":{"line":339,"column":2},"end":{"line":339,"column":38}},"140":{"start":{"line":342,"column":14},"end":{"line":342,"column":26}},"141":{"start":{"line":343,"column":2},"end":{"line":347,"column":5}},"142":{"start":{"line":344,"column":3},"end":{"line":347,"column":5}},"143":{"start":{"line":352,"column":2},"end":{"line":352,"column":77}},"144":{"start":{"line":353,"column":21},"end":{"line":353,"column":67}},"145":{"start":{"line":354,"column":2},"end":{"line":355,"column":40}},"146":{"start":{"line":354,"column":15},"end":{"line":354,"column":16}},"147":{"start":{"line":355,"column":3},"end":{"line":355,"column":40}},"148":{"start":{"line":356,"column":2},"end":{"line":357,"column":16}},"149":{"start":{"line":361,"column":2},"end":{"line":361,"column":74}},"150":{"start":{"line":362,"column":21},"end":{"line":362,"column":67}},"151":{"start":{"line":363,"column":2},"end":{"line":364,"column":40}},"152":{"start":{"line":363,"column":15},"end":{"line":363,"column":16}},"153":{"start":{"line":364,"column":3},"end":{"line":364,"column":40}},"154":{"start":{"line":365,"column":2},"end":{"line":366,"column":16}},"155":{"start":{"line":370,"column":2},"end":{"line":391,"column":3}},"156":{"start":{"line":371,"column":19},"end":{"line":371,"column":29}},"157":{"start":{"line":372,"column":3},"end":{"line":372,"column":25}},"158":{"start":{"line":373,"column":3},"end":{"line":373,"column":57}},"159":{"start":{"line":374,"column":3},"end":{"line":374,"column":59}},"160":{"start":{"line":375,"column":3},"end":{"line":375,"column":22}},"161":{"start":{"line":376,"column":3},"end":{"line":380,"column":6}},"162":{"start":{"line":382,"column":19},"end":{"line":382,"column":29}},"163":{"start":{"line":383,"column":3},"end":{"line":383,"column":22}},"164":{"start":{"line":384,"column":3},"end":{"line":384,"column":24}},"165":{"start":{"line":385,"column":3},"end":{"line":385,"column":22}},"166":{"start":{"line":386,"column":3},"end":{"line":390,"column":6}},"167":{"start":{"line":395,"column":19},"end":{"line":395,"column":29}},"168":{"start":{"line":396,"column":2},"end":{"line":396,"column":33}},"169":{"start":{"line":400,"column":18},"end":{"line":410,"column":2}},"170":{"start":{"line":401,"column":18},"end":{"line":401,"column":28}},"171":{"start":{"line":402,"column":20},"end":{"line":402,"column":33}},"172":{"start":{"line":403,"column":2},"end":{"line":405,"column":3}},"173":{"start":{"line":404,"column":3},"end":{"line":404,"column":44}},"174":{"start":{"line":406,"column":2},"end":{"line":409,"column":5}},"175":{"start":{"line":412,"column":18},"end":{"line":419,"column":2}},"176":{"start":{"line":413,"column":2},"end":{"line":415,"column":3}},"177":{"start":{"line":414,"column":3},"end":{"line":414,"column":10}},"178":{"start":{"line":417,"column":12},"end":{"line":417,"column":53}},"179":{"start":{"line":418,"column":2},"end":{"line":418,"column":48}},"180":{"start":{"line":422,"column":41},"end":{"line":422,"column":51}},"181":{"start":{"line":423,"column":2},"end":{"line":425,"column":3}},"182":{"start":{"line":424,"column":3},"end":{"line":424,"column":64}},"183":{"start":{"line":426,"column":2},"end":{"line":432,"column":33}},"184":{"start":{"line":428,"column":4},"end":{"line":430,"column":6}},"185":{"start":{"line":432,"column":17},"end":{"line":432,"column":31}},"186":{"start":{"line":433,"column":2},"end":{"line":433,"column":24}},"187":{"start":{"line":437,"column":41},"end":{"line":437,"column":51}},"188":{"start":{"line":439,"column":2},"end":{"line":567,"column":4}},"189":{"start":{"line":448,"column":28},"end":{"line":448,"column":44}},"190":{"start":{"line":449,"column":28},"end":{"line":449,"column":44}},"191":{"start":{"line":450,"column":26},"end":{"line":450,"column":40}},"192":{"start":{"line":451,"column":29},"end":{"line":451,"column":43}},"193":{"start":{"line":472,"column":24},"end":{"line":472,"column":41}},"194":{"start":{"line":479,"column":24},"end":{"line":479,"column":47}},"195":{"start":{"line":486,"column":24},"end":{"line":486,"column":47}},"196":{"start":{"line":493,"column":24},"end":{"line":493,"column":42}},"197":{"start":{"line":502,"column":24},"end":{"line":502,"column":51}},"198":{"start":{"line":507,"column":24},"end":{"line":507,"column":51}},"199":{"start":{"line":512,"column":24},"end":{"line":512,"column":51}},"200":{"start":{"line":517,"column":24},"end":{"line":517,"column":51}},"201":{"start":{"line":522,"column":24},"end":{"line":522,"column":51}},"202":{"start":{"line":527,"column":24},"end":{"line":527,"column":51}},"203":{"start":{"line":532,"column":24},"end":{"line":532,"column":51}},"204":{"start":{"line":537,"column":24},"end":{"line":537,"column":51}},"205":{"start":{"line":542,"column":24},"end":{"line":542,"column":51}},"206":{"start":{"line":547,"column":24},"end":{"line":547,"column":51}},"207":{"start":{"line":557,"column":8},"end":{"line":557,"column":30}},"208":{"start":{"line":558,"column":8},"end":{"line":558,"column":27}}},"fnMap":{"0":{"name":"(anonymous_0)","decl":{"start":{"line":15,"column":1},"end":{"line":15,"column":2}},"loc":{"start":{"line":15,"column":19},"end":{"line":18,"column":2}},"line":15},"1":{"name":"(anonymous_1)","decl":{"start":{"line":19,"column":1},"end":{"line":19,"column":2}},"loc":{"start":{"line":19,"column":9},"end":{"line":21,"column":2}},"line":19},"2":{"name":"(anonymous_2)","decl":{"start":{"line":22,"column":1},"end":{"line":22,"column":2}},"loc":{"start":{"line":22,"column":9},"end":{"line":24,"column":2}},"line":22},"3":{"name":"(anonymous_3)","decl":{"start":{"line":27,"column":1},"end":{"line":27,"column":2}},"loc":{"start":{"line":27,"column":32},"end":{"line":34,"column":2}},"line":27},"4":{"name":"(anonymous_4)","decl":{"start":{"line":35,"column":1},"end":{"line":35,"column":2}},"loc":{"start":{"line":35,"column":13},"end":{"line":39,"column":2}},"line":35},"5":{"name":"(anonymous_5)","decl":{"start":{"line":40,"column":1},"end":{"line":40,"column":2}},"loc":{"start":{"line":40,"column":11},"end":{"line":42,"column":2}},"line":40},"6":{"name":"(anonymous_6)","decl":{"start":{"line":43,"column":1},"end":{"line":43,"column":2}},"loc":{"start":{"line":43,"column":12},"end":{"line":45,"column":2}},"line":43},"7":{"name":"(anonymous_7)","decl":{"start":{"line":46,"column":1},"end":{"line":46,"column":2}},"loc":{"start":{"line":46,"column":11},"end":{"line":48,"column":2}},"line":46},"8":{"name":"(anonymous_8)","decl":{"start":{"line":49,"column":1},"end":{"line":49,"column":2}},"loc":{"start":{"line":49,"column":11},"end":{"line":51,"column":2}},"line":49},"9":{"name":"(anonymous_9)","decl":{"start":{"line":52,"column":1},"end":{"line":52,"column":2}},"loc":{"start":{"line":52,"column":12},"end":{"line":54,"column":2}},"line":52},"10":{"name":"(anonymous_10)","decl":{"start":{"line":55,"column":1},"end":{"line":55,"column":2}},"loc":{"start":{"line":55,"column":16},"end":{"line":57,"column":2}},"line":55},"11":{"name":"(anonymous_11)","decl":{"start":{"line":58,"column":1},"end":{"line":58,"column":2}},"loc":{"start":{"line":58,"column":12},"end":{"line":60,"column":2}},"line":58},"12":{"name":"(anonymous_12)","decl":{"start":{"line":61,"column":1},"end":{"line":61,"column":2}},"loc":{"start":{"line":61,"column":21},"end":{"line":63,"column":2}},"line":61},"13":{"name":"(anonymous_13)","decl":{"start":{"line":64,"column":1},"end":{"line":64,"column":2}},"loc":{"start":{"line":64,"column":17},"end":{"line":66,"column":2}},"line":64},"14":{"name":"(anonymous_14)","decl":{"start":{"line":67,"column":1},"end":{"line":67,"column":2}},"loc":{"start":{"line":67,"column":25},"end":{"line":69,"column":2}},"line":67},"15":{"name":"(anonymous_15)","decl":{"start":{"line":70,"column":1},"end":{"line":70,"column":2}},"loc":{"start":{"line":70,"column":19},"end":{"line":72,"column":2}},"line":70},"16":{"name":"(anonymous_16)","decl":{"start":{"line":73,"column":1},"end":{"line":73,"column":2}},"loc":{"start":{"line":73,"column":16},"end":{"line":75,"column":2}},"line":73},"17":{"name":"(anonymous_17)","decl":{"start":{"line":76,"column":1},"end":{"line":76,"column":2}},"loc":{"start":{"line":76,"column":12},"end":{"line":78,"column":2}},"line":76},"18":{"name":"(anonymous_18)","decl":{"start":{"line":79,"column":1},"end":{"line":79,"column":2}},"loc":{"start":{"line":79,"column":13},"end":{"line":81,"column":2}},"line":79},"19":{"name":"(anonymous_19)","decl":{"start":{"line":82,"column":1},"end":{"line":82,"column":2}},"loc":{"start":{"line":82,"column":12},"end":{"line":84,"column":2}},"line":82},"20":{"name":"(anonymous_20)","decl":{"start":{"line":85,"column":1},"end":{"line":85,"column":2}},"loc":{"start":{"line":85,"column":19},"end":{"line":87,"column":2}},"line":85},"21":{"name":"(anonymous_21)","decl":{"start":{"line":88,"column":1},"end":{"line":88,"column":2}},"loc":{"start":{"line":88,"column":11},"end":{"line":90,"column":2}},"line":88},"22":{"name":"(anonymous_22)","decl":{"start":{"line":91,"column":1},"end":{"line":91,"column":2}},"loc":{"start":{"line":91,"column":11},"end":{"line":93,"column":2}},"line":91},"23":{"name":"(anonymous_23)","decl":{"start":{"line":94,"column":1},"end":{"line":94,"column":2}},"loc":{"start":{"line":94,"column":17},"end":{"line":99,"column":2}},"line":94},"24":{"name":"(anonymous_24)","decl":{"start":{"line":105,"column":1},"end":{"line":105,"column":2}},"loc":{"start":{"line":105,"column":20},"end":{"line":123,"column":2}},"line":105},"25":{"name":"(anonymous_25)","decl":{"start":{"line":125,"column":1},"end":{"line":125,"column":2}},"loc":{"start":{"line":125,"column":24},"end":{"line":165,"column":2}},"line":125},"26":{"name":"(anonymous_26)","decl":{"start":{"line":127,"column":34},"end":{"line":127,"column":35}},"loc":{"start":{"line":128,"column":3},"end":{"line":128,"column":45}},"line":128},"27":{"name":"(anonymous_27)","decl":{"start":{"line":129,"column":46},"end":{"line":129,"column":47}},"loc":{"start":{"line":129,"column":52},"end":{"line":138,"column":3}},"line":129},"28":{"name":"(anonymous_28)","decl":{"start":{"line":135,"column":57},"end":{"line":135,"column":58}},"loc":{"start":{"line":135,"column":74},"end":{"line":137,"column":4}},"line":135},"29":{"name":"(anonymous_29)","decl":{"start":{"line":139,"column":27},"end":{"line":139,"column":28}},"loc":{"start":{"line":139,"column":38},"end":{"line":139,"column":64}},"line":139},"30":{"name":"(anonymous_30)","decl":{"start":{"line":143,"column":9},"end":{"line":143,"column":10}},"loc":{"start":{"line":143,"column":19},"end":{"line":149,"column":4}},"line":143},"31":{"name":"(anonymous_31)","decl":{"start":{"line":150,"column":9},"end":{"line":150,"column":10}},"loc":{"start":{"line":150,"column":21},"end":{"line":162,"column":4}},"line":150},"32":{"name":"(anonymous_32)","decl":{"start":{"line":167,"column":1},"end":{"line":167,"column":2}},"loc":{"start":{"line":167,"column":21},"end":{"line":183,"column":2}},"line":167},"33":{"name":"(anonymous_33)","decl":{"start":{"line":185,"column":1},"end":{"line":185,"column":2}},"loc":{"start":{"line":185,"column":24},"end":{"line":187,"column":2}},"line":185},"34":{"name":"(anonymous_34)","decl":{"start":{"line":189,"column":1},"end":{"line":189,"column":2}},"loc":{"start":{"line":189,"column":14},"end":{"line":191,"column":2}},"line":189},"35":{"name":"(anonymous_35)","decl":{"start":{"line":192,"column":1},"end":{"line":192,"column":2}},"loc":{"start":{"line":192,"column":15},"end":{"line":194,"column":2}},"line":192},"36":{"name":"(anonymous_36)","decl":{"start":{"line":195,"column":1},"end":{"line":195,"column":2}},"loc":{"start":{"line":195,"column":18},"end":{"line":197,"column":2}},"line":195},"37":{"name":"(anonymous_37)","decl":{"start":{"line":198,"column":1},"end":{"line":198,"column":2}},"loc":{"start":{"line":198,"column":20},"end":{"line":200,"column":2}},"line":198},"38":{"name":"(anonymous_38)","decl":{"start":{"line":201,"column":1},"end":{"line":201,"column":2}},"loc":{"start":{"line":201,"column":14},"end":{"line":251,"column":2}},"line":201},"39":{"name":"(anonymous_39)","decl":{"start":{"line":252,"column":1},"end":{"line":252,"column":2}},"loc":{"start":{"line":252,"column":18},"end":{"line":261,"column":2}},"line":252},"40":{"name":"(anonymous_40)","decl":{"start":{"line":255,"column":3},"end":{"line":255,"column":4}},"loc":{"start":{"line":255,"column":15},"end":{"line":257,"column":4}},"line":255},"41":{"name":"(anonymous_41)","decl":{"start":{"line":262,"column":1},"end":{"line":262,"column":2}},"loc":{"start":{"line":262,"column":16},"end":{"line":266,"column":2}},"line":262},"42":{"name":"(anonymous_42)","decl":{"start":{"line":267,"column":1},"end":{"line":267,"column":2}},"loc":{"start":{"line":267,"column":17},"end":{"line":269,"column":2}},"line":267},"43":{"name":"(anonymous_43)","decl":{"start":{"line":270,"column":1},"end":{"line":270,"column":2}},"loc":{"start":{"line":270,"column":17},"end":{"line":272,"column":2}},"line":270},"44":{"name":"(anonymous_44)","decl":{"start":{"line":273,"column":1},"end":{"line":273,"column":2}},"loc":{"start":{"line":273,"column":19},"end":{"line":275,"column":2}},"line":273},"45":{"name":"(anonymous_45)","decl":{"start":{"line":276,"column":1},"end":{"line":276,"column":2}},"loc":{"start":{"line":276,"column":18},"end":{"line":278,"column":2}},"line":276},"46":{"name":"(anonymous_46)","decl":{"start":{"line":279,"column":1},"end":{"line":279,"column":2}},"loc":{"start":{"line":279,"column":12},"end":{"line":305,"column":2}},"line":279},"47":{"name":"(anonymous_47)","decl":{"start":{"line":280,"column":23},"end":{"line":280,"column":24}},"loc":{"start":{"line":280,"column":38},"end":{"line":304,"column":3}},"line":280},"48":{"name":"(anonymous_48)","decl":{"start":{"line":306,"column":1},"end":{"line":306,"column":2}},"loc":{"start":{"line":306,"column":13},"end":{"line":336,"column":2}},"line":306},"49":{"name":"(anonymous_49)","decl":{"start":{"line":338,"column":1},"end":{"line":338,"column":2}},"loc":{"start":{"line":338,"column":11},"end":{"line":340,"column":2}},"line":338},"50":{"name":"(anonymous_50)","decl":{"start":{"line":341,"column":1},"end":{"line":341,"column":2}},"loc":{"start":{"line":341,"column":13},"end":{"line":348,"column":2}},"line":341},"51":{"name":"(anonymous_51)","decl":{"start":{"line":351,"column":1},"end":{"line":351,"column":2}},"loc":{"start":{"line":351,"column":15},"end":{"line":358,"column":2}},"line":351},"52":{"name":"(anonymous_52)","decl":{"start":{"line":360,"column":1},"end":{"line":360,"column":2}},"loc":{"start":{"line":360,"column":15},"end":{"line":367,"column":2}},"line":360},"53":{"name":"(anonymous_53)","decl":{"start":{"line":369,"column":1},"end":{"line":369,"column":2}},"loc":{"start":{"line":369,"column":18},"end":{"line":392,"column":2}},"line":369},"54":{"name":"(anonymous_54)","decl":{"start":{"line":394,"column":1},"end":{"line":394,"column":2}},"loc":{"start":{"line":394,"column":15},"end":{"line":397,"column":2}},"line":394},"55":{"name":"(anonymous_55)","decl":{"start":{"line":400,"column":18},"end":{"line":400,"column":19}},"loc":{"start":{"line":400,"column":29},"end":{"line":410,"column":2}},"line":400},"56":{"name":"(anonymous_56)","decl":{"start":{"line":412,"column":18},"end":{"line":412,"column":19}},"loc":{"start":{"line":412,"column":33},"end":{"line":419,"column":2}},"line":412},"57":{"name":"(anonymous_57)","decl":{"start":{"line":421,"column":1},"end":{"line":421,"column":2}},"loc":{"start":{"line":421,"column":9},"end":{"line":434,"column":2}},"line":421},"58":{"name":"(anonymous_58)","decl":{"start":{"line":427,"column":9},"end":{"line":427,"column":10}},"loc":{"start":{"line":427,"column":15},"end":{"line":431,"column":4}},"line":427},"59":{"name":"(anonymous_59)","decl":{"start":{"line":432,"column":10},"end":{"line":432,"column":11}},"loc":{"start":{"line":432,"column":17},"end":{"line":432,"column":31}},"line":432},"60":{"name":"(anonymous_60)","decl":{"start":{"line":436,"column":1},"end":{"line":436,"column":2}},"loc":{"start":{"line":436,"column":10},"end":{"line":568,"column":2}},"line":436},"61":{"name":"(anonymous_61)","decl":{"start":{"line":448,"column":22},"end":{"line":448,"column":23}},"loc":{"start":{"line":448,"column":28},"end":{"line":448,"column":44}},"line":448},"62":{"name":"(anonymous_62)","decl":{"start":{"line":449,"column":22},"end":{"line":449,"column":23}},"loc":{"start":{"line":449,"column":28},"end":{"line":449,"column":44}},"line":449},"63":{"name":"(anonymous_63)","decl":{"start":{"line":450,"column":20},"end":{"line":450,"column":21}},"loc":{"start":{"line":450,"column":26},"end":{"line":450,"column":40}},"line":450},"64":{"name":"(anonymous_64)","decl":{"start":{"line":451,"column":23},"end":{"line":451,"column":24}},"loc":{"start":{"line":451,"column":29},"end":{"line":451,"column":43}},"line":451},"65":{"name":"(anonymous_65)","decl":{"start":{"line":472,"column":18},"end":{"line":472,"column":19}},"loc":{"start":{"line":472,"column":24},"end":{"line":472,"column":41}},"line":472},"66":{"name":"(anonymous_66)","decl":{"start":{"line":479,"column":18},"end":{"line":479,"column":19}},"loc":{"start":{"line":479,"column":24},"end":{"line":479,"column":47}},"line":479},"67":{"name":"(anonymous_67)","decl":{"start":{"line":486,"column":18},"end":{"line":486,"column":19}},"loc":{"start":{"line":486,"column":24},"end":{"line":486,"column":47}},"line":486},"68":{"name":"(anonymous_68)","decl":{"start":{"line":493,"column":18},"end":{"line":493,"column":19}},"loc":{"start":{"line":493,"column":24},"end":{"line":493,"column":42}},"line":493},"69":{"name":"(anonymous_69)","decl":{"start":{"line":502,"column":18},"end":{"line":502,"column":19}},"loc":{"start":{"line":502,"column":24},"end":{"line":502,"column":51}},"line":502},"70":{"name":"(anonymous_70)","decl":{"start":{"line":507,"column":18},"end":{"line":507,"column":19}},"loc":{"start":{"line":507,"column":24},"end":{"line":507,"column":51}},"line":507},"71":{"name":"(anonymous_71)","decl":{"start":{"line":512,"column":18},"end":{"line":512,"column":19}},"loc":{"start":{"line":512,"column":24},"end":{"line":512,"column":51}},"line":512},"72":{"name":"(anonymous_72)","decl":{"start":{"line":517,"column":18},"end":{"line":517,"column":19}},"loc":{"start":{"line":517,"column":24},"end":{"line":517,"column":51}},"line":517},"73":{"name":"(anonymous_73)","decl":{"start":{"line":522,"column":18},"end":{"line":522,"column":19}},"loc":{"start":{"line":522,"column":24},"end":{"line":522,"column":51}},"line":522},"74":{"name":"(anonymous_74)","decl":{"start":{"line":527,"column":18},"end":{"line":527,"column":19}},"loc":{"start":{"line":527,"column":24},"end":{"line":527,"column":51}},"line":527},"75":{"name":"(anonymous_75)","decl":{"start":{"line":532,"column":18},"end":{"line":532,"column":19}},"loc":{"start":{"line":532,"column":24},"end":{"line":532,"column":51}},"line":532},"76":{"name":"(anonymous_76)","decl":{"start":{"line":537,"column":18},"end":{"line":537,"column":19}},"loc":{"start":{"line":537,"column":24},"end":{"line":537,"column":51}},"line":537},"77":{"name":"(anonymous_77)","decl":{"start":{"line":542,"column":18},"end":{"line":542,"column":19}},"loc":{"start":{"line":542,"column":24},"end":{"line":542,"column":51}},"line":542},"78":{"name":"(anonymous_78)","decl":{"start":{"line":547,"column":18},"end":{"line":547,"column":19}},"loc":{"start":{"line":547,"column":24},"end":{"line":547,"column":51}},"line":547},"79":{"name":"(anonymous_79)","decl":{"start":{"line":556,"column":16},"end":{"line":556,"column":17}},"loc":{"start":{"line":556,"column":22},"end":{"line":559,"column":8}},"line":556}},"branchMap":{"0":{"loc":{"start":{"line":53,"column":9},"end":{"line":53,"column":47}},"type":"binary-expr","locations":[{"start":{"line":53,"column":9},"end":{"line":53,"column":23}},{"start":{"line":53,"column":27},"end":{"line":53,"column":47}}],"line":53},"1":{"loc":{"start":{"line":56,"column":2},"end":{"line":56,"column":39}},"type":"if","locations":[{"start":{"line":56,"column":2},"end":{"line":56,"column":39}},{"start":{"line":56,"column":2},"end":{"line":56,"column":39}}],"line":56},"2":{"loc":{"start":{"line":74,"column":2},"end":{"line":74,"column":56}},"type":"if","locations":[{"start":{"line":74,"column":2},"end":{"line":74,"column":56}},{"start":{"line":74,"column":2},"end":{"line":74,"column":56}}],"line":74},"3":{"loc":{"start":{"line":74,"column":6},"end":{"line":74,"column":36}},"type":"binary-expr","locations":[{"start":{"line":74,"column":6},"end":{"line":74,"column":18}},{"start":{"line":74,"column":22},"end":{"line":74,"column":36}}],"line":74},"4":{"loc":{"start":{"line":95,"column":2},"end":{"line":98,"column":3}},"type":"if","locations":[{"start":{"line":95,"column":2},"end":{"line":98,"column":3}},{"start":{"line":95,"column":2},"end":{"line":98,"column":3}}],"line":95},"5":{"loc":{"start":{"line":131,"column":3},"end":{"line":133,"column":4}},"type":"if","locations":[{"start":{"line":131,"column":3},"end":{"line":133,"column":4}},{"start":{"line":131,"column":3},"end":{"line":133,"column":4}}],"line":131},"6":{"loc":{"start":{"line":209,"column":3},"end":{"line":249,"column":4}},"type":"if","locations":[{"start":{"line":209,"column":3},"end":{"line":249,"column":4}},{"start":{"line":209,"column":3},"end":{"line":249,"column":4}}],"line":209},"7":{"loc":{"start":{"line":210,"column":4},"end":{"line":237,"column":5}},"type":"if","locations":[{"start":{"line":210,"column":4},"end":{"line":237,"column":5}},{"start":{"line":210,"column":4},"end":{"line":237,"column":5}}],"line":210},"8":{"loc":{"start":{"line":229,"column":11},"end":{"line":237,"column":5}},"type":"if","locations":[{"start":{"line":229,"column":11},"end":{"line":237,"column":5}},{"start":{"line":229,"column":11},"end":{"line":237,"column":5}}],"line":229},"9":{"loc":{"start":{"line":238,"column":10},"end":{"line":249,"column":4}},"type":"if","locations":[{"start":{"line":238,"column":10},"end":{"line":249,"column":4}},{"start":{"line":238,"column":10},"end":{"line":249,"column":4}}],"line":238},"10":{"loc":{"start":{"line":263,"column":2},"end":{"line":265,"column":74}},"type":"if","locations":[{"start":{"line":263,"column":2},"end":{"line":265,"column":74}},{"start":{"line":263,"column":2},"end":{"line":265,"column":74}}],"line":263},"11":{"loc":{"start":{"line":264,"column":3},"end":{"line":265,"column":74}},"type":"if","locations":[{"start":{"line":264,"column":3},"end":{"line":265,"column":74}},{"start":{"line":264,"column":3},"end":{"line":265,"column":74}}],"line":264},"12":{"loc":{"start":{"line":271,"column":9},"end":{"line":271,"column":31}},"type":"binary-expr","locations":[{"start":{"line":271,"column":9},"end":{"line":271,"column":18}},{"start":{"line":271,"column":22},"end":{"line":271,"column":31}}],"line":271},"13":{"loc":{"start":{"line":274,"column":9},"end":{"line":274,"column":31}},"type":"binary-expr","locations":[{"start":{"line":274,"column":9},"end":{"line":274,"column":18}},{"start":{"line":274,"column":22},"end":{"line":274,"column":31}}],"line":274},"14":{"loc":{"start":{"line":281,"column":9},"end":{"line":281,"column":28}},"type":"binary-expr","locations":[{"start":{"line":281,"column":9},"end":{"line":281,"column":12}},{"start":{"line":281,"column":16},"end":{"line":281,"column":28}}],"line":281},"15":{"loc":{"start":{"line":282,"column":3},"end":{"line":282,"column":47}},"type":"if","locations":[{"start":{"line":282,"column":3},"end":{"line":282,"column":47}},{"start":{"line":282,"column":3},"end":{"line":282,"column":47}}],"line":282},"16":{"loc":{"start":{"line":283,"column":3},"end":{"line":303,"column":4}},"type":"if","locations":[{"start":{"line":283,"column":3},"end":{"line":303,"column":4}},{"start":{"line":283,"column":3},"end":{"line":303,"column":4}}],"line":283},"17":{"loc":{"start":{"line":283,"column":7},"end":{"line":283,"column":40}},"type":"binary-expr","locations":[{"start":{"line":283,"column":7},"end":{"line":283,"column":18}},{"start":{"line":283,"column":22},"end":{"line":283,"column":40}}],"line":283},"18":{"loc":{"start":{"line":284,"column":8},"end":{"line":303,"column":4}},"type":"if","locations":[{"start":{"line":284,"column":8},"end":{"line":303,"column":4}},{"start":{"line":284,"column":8},"end":{"line":303,"column":4}}],"line":284},"19":{"loc":{"start":{"line":286,"column":10},"end":{"line":303,"column":4}},"type":"if","locations":[{"start":{"line":286,"column":10},"end":{"line":303,"column":4}},{"start":{"line":286,"column":10},"end":{"line":303,"column":4}}],"line":286},"20":{"loc":{"start":{"line":287,"column":4},"end":{"line":289,"column":33}},"type":"binary-expr","locations":[{"start":{"line":287,"column":4},"end":{"line":287,"column":32}},{"start":{"line":288,"column":4},"end":{"line":288,"column":34}},{"start":{"line":289,"column":4},"end":{"line":289,"column":33}}],"line":287},"21":{"loc":{"start":{"line":292,"column":4},"end":{"line":293,"column":58}},"type":"if","locations":[{"start":{"line":292,"column":4},"end":{"line":293,"column":58}},{"start":{"line":292,"column":4},"end":{"line":293,"column":58}}],"line":292},"22":{"loc":{"start":{"line":293,"column":5},"end":{"line":293,"column":58}},"type":"if","locations":[{"start":{"line":293,"column":5},"end":{"line":293,"column":58}},{"start":{"line":293,"column":5},"end":{"line":293,"column":58}}],"line":293},"23":{"loc":{"start":{"line":294,"column":4},"end":{"line":302,"column":27}},"type":"if","locations":[{"start":{"line":294,"column":4},"end":{"line":302,"column":27}},{"start":{"line":294,"column":4},"end":{"line":302,"column":27}}],"line":294},"24":{"loc":{"start":{"line":295,"column":5},"end":{"line":302,"column":27}},"type":"if","locations":[{"start":{"line":295,"column":5},"end":{"line":302,"column":27}},{"start":{"line":295,"column":5},"end":{"line":302,"column":27}}],"line":295},"25":{"loc":{"start":{"line":309,"column":2},"end":{"line":316,"column":3}},"type":"if","locations":[{"start":{"line":309,"column":2},"end":{"line":316,"column":3}},{"start":{"line":309,"column":2},"end":{"line":316,"column":3}}],"line":309},"26":{"loc":{"start":{"line":310,"column":3},"end":{"line":315,"column":74}},"type":"if","locations":[{"start":{"line":310,"column":3},"end":{"line":315,"column":74}},{"start":{"line":310,"column":3},"end":{"line":315,"column":74}}],"line":310},"27":{"loc":{"start":{"line":325,"column":2},"end":{"line":335,"column":47}},"type":"if","locations":[{"start":{"line":325,"column":2},"end":{"line":335,"column":47}},{"start":{"line":325,"column":2},"end":{"line":335,"column":47}}],"line":325},"28":{"loc":{"start":{"line":343,"column":2},"end":{"line":347,"column":5}},"type":"if","locations":[{"start":{"line":343,"column":2},"end":{"line":347,"column":5}},{"start":{"line":343,"column":2},"end":{"line":347,"column":5}}],"line":343},"29":{"loc":{"start":{"line":343,"column":6},"end":{"line":343,"column":67}},"type":"binary-expr","locations":[{"start":{"line":343,"column":6},"end":{"line":343,"column":43}},{"start":{"line":343,"column":47},"end":{"line":343,"column":67}}],"line":343},"30":{"loc":{"start":{"line":370,"column":2},"end":{"line":391,"column":3}},"type":"if","locations":[{"start":{"line":370,"column":2},"end":{"line":391,"column":3}},{"start":{"line":370,"column":2},"end":{"line":391,"column":3}}],"line":370},"31":{"loc":{"start":{"line":403,"column":2},"end":{"line":405,"column":3}},"type":"if","locations":[{"start":{"line":403,"column":2},"end":{"line":405,"column":3}},{"start":{"line":403,"column":2},"end":{"line":405,"column":3}}],"line":403},"32":{"loc":{"start":{"line":413,"column":2},"end":{"line":415,"column":3}},"type":"if","locations":[{"start":{"line":413,"column":2},"end":{"line":415,"column":3}},{"start":{"line":413,"column":2},"end":{"line":415,"column":3}}],"line":413},"33":{"loc":{"start":{"line":423,"column":2},"end":{"line":425,"column":3}},"type":"if","locations":[{"start":{"line":423,"column":2},"end":{"line":425,"column":3}},{"start":{"line":423,"column":2},"end":{"line":425,"column":3}}],"line":423},"34":{"loc":{"start":{"line":562,"column":8},"end":{"line":562,"column":40}},"type":"cond-expr","locations":[{"start":{"line":562,"column":15},"end":{"line":562,"column":28}},{"start":{"line":562,"column":31},"end":{"line":562,"column":40}}],"line":562}},"s":{"0":8,"1":8,"2":6,"3":6,"4":6,"5":6,"6":6,"7":6,"8":6,"9":6,"10":1,"11":1,"12":1,"13":3,"14":1,"15":3,"16":3,"17":7,"18":2,"19":2,"20":1,"21":1,"22":1,"23":1,"24":1,"25":1,"26":1,"27":1,"28":1,"29":2,"30":2,"31":8,"32":2,"33":2,"34":2,"35":7,"36":7,"37":7,"38":1,"39":21,"40":21,"41":21,"42":0,"43":0,"44":0,"45":0,"46":0,"47":0,"48":0,"49":0,"50":0,"51":0,"52":0,"53":0,"54":0,"55":0,"56":0,"57":0,"58":0,"59":0,"60":0,"61":0,"62":0,"63":1,"64":1,"65":1,"66":1,"67":1,"68":1,"69":1,"70":1,"71":1,"72":1,"73":2,"74":1,"75":1,"76":0,"77":0,"78":0,"79":0,"80":0,"81":0,"82":0,"83":0,"84":0,"85":0,"86":0,"87":0,"88":0,"89":0,"90":0,"91":0,"92":0,"93":0,"94":0,"95":0,"96":0,"97":0,"98":0,"99":0,"100":0,"101":2,"102":2,"103":1,"104":2,"105":1,"106":1,"107":1,"108":1,"109":1,"110":1,"111":1,"112":0,"113":0,"114":0,"115":0,"116":0,"117":0,"118":0,"119":0,"120":0,"121":0,"122":0,"123":0,"124":0,"125":0,"126":0,"127":0,"128":0,"129":0,"130":0,"131":0,"132":0,"133":0,"134":0,"135":0,"136":0,"137":0,"138":0,"139":1,"140":0,"141":0,"142":0,"143":0,"144":0,"145":0,"146":0,"147":0,"148":0,"149":0,"150":0,"151":0,"152":0,"153":0,"154":0,"155":0,"156":0,"157":0,"158":0,"159":0,"160":0,"161":0,"162":0,"163":0,"164":0,"165":0,"166":0,"167":1,"168":1,"169":21,"170":0,"171":0,"172":0,"173":0,"174":0,"175":21,"176":1,"177":0,"178":1,"179":1,"180":0,"181":0,"182":0,"183":0,"184":0,"185":0,"186":0,"187":1,"188":1,"189":0,"190":0,"191":0,"192":0,"193":0,"194":0,"195":0,"196":0,"197":0,"198":0,"199":0,"200":0,"201":0,"202":0,"203":0,"204":0,"205":0,"206":0,"207":0,"208":0},"f":{"0":8,"1":6,"2":6,"3":6,"4":1,"5":3,"6":3,"7":7,"8":2,"9":2,"10":1,"11":1,"12":1,"13":1,"14":1,"15":1,"16":1,"17":2,"18":2,"19":8,"20":2,"21":2,"22":2,"23":7,"24":21,"25":0,"26":0,"27":0,"28":0,"29":0,"30":0,"31":0,"32":1,"33":1,"34":1,"35":1,"36":1,"37":1,"38":0,"39":2,"40":1,"41":1,"42":1,"43":1,"44":1,"45":1,"46":0,"47":0,"48":0,"49":1,"50":0,"51":0,"52":0,"53":0,"54":1,"55":0,"56":1,"57":0,"58":0,"59":0,"60":1,"61":0,"62":0,"63":0,"64":0,"65":0,"66":0,"67":0,"68":0,"69":0,"70":0,"71":0,"72":0,"73":0,"74":0,"75":0,"76":0,"77":0,"78":0,"79":0},"b":{"0":[2,1],"1":[1,0],"2":[1,0],"3":[1,1],"4":[7,0],"5":[0,0],"6":[0,0],"7":[0,0],"8":[0,0],"9":[0,0],"10":[1,0],"11":[1,0],"12":[1,0],"13":[1,0],"14":[0,0],"15":[0,0],"16":[0,0],"17":[0,0],"18":[0,0],"19":[0,0],"20":[0,0,0],"21":[0,0],"22":[0,0],"23":[0,0],"24":[0,0],"25":[0,0],"26":[0,0],"27":[0,0],"28":[0,0],"29":[0,0],"30":[0,0],"31":[0,0],"32":[0,1],"33":[0,0],"34":[0,1]},"_coverageSchema":"1a1c01bbd47fc00a2c39e90264f33305004495a9","hash":"9f0a3e4dac2d003ece9fe70634b14a8d68bb7340"}
,"C:\\Users\\User\\Desktop\\SDP\\code\\frontend\\src\\components\\ItemFunction.js": {"path":"C:\\Users\\User\\Desktop\\SDP\\code\\frontend\\src\\components\\ItemFunction.js","statementMap":{"0":{"start":{"line":14,"column":35},"end":{"line":14,"column":50}},"1":{"start":{"line":15,"column":2},"end":{"line":48,"column":4}},"2":{"start":{"line":52,"column":0},"end":{"line":56,"column":2}},"3":{"start":{"line":58,"column":17},"end":{"line":62,"column":1}}},"fnMap":{"0":{"name":"(anonymous_0)","decl":{"start":{"line":13,"column":1},"end":{"line":13,"column":2}},"loc":{"start":{"line":13,"column":10},"end":{"line":49,"column":2}},"line":13}},"branchMap":{"0":{"loc":{"start":{"line":23,"column":21},"end":{"line":23,"column":72}},"type":"cond-expr","locations":[{"start":{"line":23,"column":49},"end":{"line":23,"column":63}},{"start":{"line":23,"column":66},"end":{"line":23,"column":72}}],"line":23}},"s":{"0":1,"1":1,"2":1,"3":1},"f":{"0":1},"b":{"0":[0,1]},"_coverageSchema":"1a1c01bbd47fc00a2c39e90264f33305004495a9","hash":"3ad7a6c0523de3a33687cda1396a3e55922ff53d"}
,"C:\\Users\\User\\Desktop\\SDP\\code\\frontend\\src\\components\\Items.js": {"path":"C:\\Users\\User\\Desktop\\SDP\\code\\frontend\\src\\components\\Items.js","statementMap":{"0":{"start":{"line":7,"column":2},"end":{"line":7,"column":15}},"1":{"start":{"line":8,"column":2},"end":{"line":10,"column":4}},"2":{"start":{"line":14,"column":2},"end":{"line":14,"column":16}},"3":{"start":{"line":18,"column":2},"end":{"line":25,"column":5}},"4":{"start":{"line":18,"column":40},"end":{"line":25,"column":3}},"5":{"start":{"line":29,"column":0},"end":{"line":33,"column":2}}},"fnMap":{"0":{"name":"(anonymous_0)","decl":{"start":{"line":6,"column":1},"end":{"line":6,"column":2}},"loc":{"start":{"line":6,"column":20},"end":{"line":11,"column":2}},"line":6},"1":{"name":"(anonymous_1)","decl":{"start":{"line":13,"column":1},"end":{"line":13,"column":2}},"loc":{"start":{"line":13,"column":21},"end":{"line":15,"column":2}},"line":13},"2":{"name":"(anonymous_2)","decl":{"start":{"line":17,"column":1},"end":{"line":17,"column":2}},"loc":{"start":{"line":17,"column":10},"end":{"line":26,"column":2}},"line":17},"3":{"name":"(anonymous_3)","decl":{"start":{"line":18,"column":30},"end":{"line":18,"column":31}},"loc":{"start":{"line":18,"column":40},"end":{"line":25,"column":3}},"line":18}},"branchMap":{},"s":{"0":1,"1":1,"2":1,"3":0,"4":0,"5":1},"f":{"0":1,"1":1,"2":0,"3":0},"b":{},"_coverageSchema":"1a1c01bbd47fc00a2c39e90264f33305004495a9","hash":"4475c7a6d08c56b48c42740063520dacb5e859e8"}
,"C:\\Users\\User\\Desktop\\SDP\\code\\frontend\\src\\components\\List.js": {"path":"C:\\Users\\User\\Desktop\\SDP\\code\\frontend\\src\\components\\List.js","statementMap":{"0":{"start":{"line":9,"column":2},"end":{"line":9,"column":15}},"1":{"start":{"line":10,"column":2},"end":{"line":12,"column":4}},"2":{"start":{"line":16,"column":2},"end":{"line":16,"column":41}},"3":{"start":{"line":17,"column":2},"end":{"line":17,"column":39}},"4":{"start":{"line":18,"column":2},"end":{"line":18,"column":36}},"5":{"start":{"line":21,"column":16},"end":{"line":30,"column":2}},"6":{"start":{"line":22,"column":2},"end":{"line":29,"column":5}},"7":{"start":{"line":24,"column":4},"end":{"line":26,"column":5}},"8":{"start":{"line":25,"column":5},"end":{"line":25,"column":38}},"9":{"start":{"line":27,"column":4},"end":{"line":27,"column":16}},"10":{"start":{"line":32,"column":11},"end":{"line":36,"column":2}},"11":{"start":{"line":33,"column":2},"end":{"line":35,"column":5}},"12":{"start":{"line":34,"column":48},"end":{"line":34,"column":62}},"13":{"start":{"line":38,"column":11},"end":{"line":49,"column":2}},"14":{"start":{"line":39,"column":2},"end":{"line":48,"column":5}},"15":{"start":{"line":52,"column":2},"end":{"line":64,"column":4}}},"fnMap":{"0":{"name":"(anonymous_0)","decl":{"start":{"line":8,"column":1},"end":{"line":8,"column":2}},"loc":{"start":{"line":8,"column":20},"end":{"line":13,"column":2}},"line":8},"1":{"name":"(anonymous_1)","decl":{"start":{"line":15,"column":1},"end":{"line":15,"column":2}},"loc":{"start":{"line":15,"column":21},"end":{"line":19,"column":2}},"line":15},"2":{"name":"(anonymous_2)","decl":{"start":{"line":21,"column":16},"end":{"line":21,"column":17}},"loc":{"start":{"line":21,"column":24},"end":{"line":30,"column":2}},"line":21},"3":{"name":"(anonymous_3)","decl":{"start":{"line":23,"column":31},"end":{"line":23,"column":32}},"loc":{"start":{"line":23,"column":41},"end":{"line":28,"column":4}},"line":23},"4":{"name":"(anonymous_4)","decl":{"start":{"line":32,"column":11},"end":{"line":32,"column":12}},"loc":{"start":{"line":32,"column":19},"end":{"line":36,"column":2}},"line":32},"5":{"name":"(anonymous_5)","decl":{"start":{"line":34,"column":38},"end":{"line":34,"column":39}},"loc":{"start":{"line":34,"column":48},"end":{"line":34,"column":62}},"line":34},"6":{"name":"(anonymous_6)","decl":{"start":{"line":38,"column":11},"end":{"line":38,"column":12}},"loc":{"start":{"line":38,"column":22},"end":{"line":49,"column":2}},"line":38},"7":{"name":"(anonymous_7)","decl":{"start":{"line":51,"column":1},"end":{"line":51,"column":2}},"loc":{"start":{"line":51,"column":10},"end":{"line":65,"column":2}},"line":51}},"branchMap":{"0":{"loc":{"start":{"line":24,"column":4},"end":{"line":26,"column":5}},"type":"if","locations":[{"start":{"line":24,"column":4},"end":{"line":26,"column":5}},{"start":{"line":24,"column":4},"end":{"line":26,"column":5}}],"line":24}},"s":{"0":19,"1":19,"2":11,"3":11,"4":11,"5":19,"6":10,"7":0,"8":0,"9":0,"10":19,"11":10,"12":10,"13":19,"14":10,"15":43},"f":{"0":19,"1":11,"2":10,"3":0,"4":10,"5":10,"6":10,"7":43},"b":{"0":[0,0]},"_coverageSchema":"1a1c01bbd47fc00a2c39e90264f33305004495a9","hash":"5021d19078c169da515b82630a27e1d728a84b2a"}
}
