TN:
SF:assetsTransformer.js
FNF:0
FNH:0
DA:1,2
DA:3,2
LF:2
LH:2
BRF:0
BRH:0
end_of_record
TN:
SF:src\ExchangeSdp.js
FN:2,(anonymous_0)
FN:7,(anonymous_1)
FNF:2
FNH:2
FNDA:2,(anonymous_0)
FNDA:1,(anonymous_1)
DA:3,2
DA:4,2
DA:8,1
DA:16,1
DA:17,1
DA:18,1
LF:6
LH:6
BRDA:7,0,0,0
BRF:1
BRH:0
end_of_record
TN:
SF:src\components\AddItem.js
FN:6,(anonymous_0)
FN:14,(anonymous_1)
FN:30,(anonymous_2)
FN:32,(anonymous_3)
FNF:4
FNH:3
FNDA:4,(anonymous_0)
FNDA:2,(anonymous_1)
FNDA:0,(anonymous_2)
FNDA:6,(anonymous_3)
DA:7,4
DA:8,4
DA:14,4
DA:15,2
DA:16,1
DA:18,1
DA:19,1
DA:21,1
DA:22,1
DA:23,1
DA:25,1
DA:30,4
DA:33,6
DA:78,2
LF:14
LH:14
BRDA:15,0,0,1
BRDA:15,0,1,1
BRF:2
BRH:2
end_of_record
TN:
SF:src\components\Atn.js
FN:15,(anonymous_0)
FN:19,(anonymous_1)
FN:22,(anonymous_2)
FN:27,(anonymous_3)
FN:35,(anonymous_4)
FN:40,(anonymous_5)
FN:43,(anonymous_6)
FN:46,(anonymous_7)
FN:49,(anonymous_8)
FN:52,(anonymous_9)
FN:55,(anonymous_10)
FN:58,(anonymous_11)
FN:61,(anonymous_12)
FN:64,(anonymous_13)
FN:67,(anonymous_14)
FN:70,(anonymous_15)
FN:73,(anonymous_16)
FN:76,(anonymous_17)
FN:79,(anonymous_18)
FN:82,(anonymous_19)
FN:85,(anonymous_20)
FN:88,(anonymous_21)
FN:91,(anonymous_22)
FN:94,(anonymous_23)
FN:105,(anonymous_24)
FN:125,(anonymous_25)
FN:127,(anonymous_26)
FN:129,(anonymous_27)
FN:135,(anonymous_28)
FN:139,(anonymous_29)
FN:143,(anonymous_30)
FN:150,(anonymous_31)
FN:167,(anonymous_32)
FN:185,(anonymous_33)
FN:189,(anonymous_34)
FN:192,(anonymous_35)
FN:195,(anonymous_36)
FN:198,(anonymous_37)
FN:201,(anonymous_38)
FN:252,(anonymous_39)
FN:255,(anonymous_40)
FN:262,(anonymous_41)
FN:267,(anonymous_42)
FN:270,(anonymous_43)
FN:273,(anonymous_44)
FN:276,(anonymous_45)
FN:279,(anonymous_46)
FN:280,(anonymous_47)
FN:306,(anonymous_48)
FN:338,(anonymous_49)
FN:341,(anonymous_50)
FN:351,(anonymous_51)
FN:360,(anonymous_52)
FN:369,(anonymous_53)
FN:394,(anonymous_54)
FN:400,(anonymous_55)
FN:412,(anonymous_56)
FN:421,(anonymous_57)
FN:427,(anonymous_58)
FN:432,(anonymous_59)
FN:436,(anonymous_60)
FN:448,(anonymous_61)
FN:449,(anonymous_62)
FN:450,(anonymous_63)
FN:451,(anonymous_64)
FN:472,(anonymous_65)
FN:479,(anonymous_66)
FN:486,(anonymous_67)
FN:493,(anonymous_68)
FN:502,(anonymous_69)
FN:507,(anonymous_70)
FN:512,(anonymous_71)
FN:517,(anonymous_72)
FN:522,(anonymous_73)
FN:527,(anonymous_74)
FN:532,(anonymous_75)
FN:537,(anonymous_76)
FN:542,(anonymous_77)
FN:547,(anonymous_78)
FN:556,(anonymous_79)
FNF:80
FNH:42
FNDA:8,(anonymous_0)
FNDA:6,(anonymous_1)
FNDA:6,(anonymous_2)
FNDA:6,(anonymous_3)
FNDA:1,(anonymous_4)
FNDA:3,(anonymous_5)
FNDA:3,(anonymous_6)
FNDA:7,(anonymous_7)
FNDA:2,(anonymous_8)
FNDA:2,(anonymous_9)
FNDA:1,(anonymous_10)
FNDA:1,(anonymous_11)
FNDA:1,(anonymous_12)
FNDA:1,(anonymous_13)
FNDA:1,(anonymous_14)
FNDA:1,(anonymous_15)
FNDA:1,(anonymous_16)
FNDA:2,(anonymous_17)
FNDA:2,(anonymous_18)
FNDA:8,(anonymous_19)
FNDA:2,(anonymous_20)
FNDA:2,(anonymous_21)
FNDA:2,(anonymous_22)
FNDA:7,(anonymous_23)
FNDA:21,(anonymous_24)
FNDA:0,(anonymous_25)
FNDA:0,(anonymous_26)
FNDA:0,(anonymous_27)
FNDA:0,(anonymous_28)
FNDA:0,(anonymous_29)
FNDA:0,(anonymous_30)
FNDA:0,(anonymous_31)
FNDA:1,(anonymous_32)
FNDA:1,(anonymous_33)
FNDA:1,(anonymous_34)
FNDA:1,(anonymous_35)
FNDA:1,(anonymous_36)
FNDA:1,(anonymous_37)
FNDA:0,(anonymous_38)
FNDA:2,(anonymous_39)
FNDA:1,(anonymous_40)
FNDA:1,(anonymous_41)
FNDA:1,(anonymous_42)
FNDA:1,(anonymous_43)
FNDA:1,(anonymous_44)
FNDA:1,(anonymous_45)
FNDA:0,(anonymous_46)
FNDA:0,(anonymous_47)
FNDA:0,(anonymous_48)
FNDA:1,(anonymous_49)
FNDA:0,(anonymous_50)
FNDA:0,(anonymous_51)
FNDA:0,(anonymous_52)
FNDA:0,(anonymous_53)
FNDA:1,(anonymous_54)
FNDA:0,(anonymous_55)
FNDA:1,(anonymous_56)
FNDA:0,(anonymous_57)
FNDA:0,(anonymous_58)
FNDA:0,(anonymous_59)
FNDA:1,(anonymous_60)
FNDA:0,(anonymous_61)
FNDA:0,(anonymous_62)
FNDA:0,(anonymous_63)
FNDA:0,(anonymous_64)
FNDA:0,(anonymous_65)
FNDA:0,(anonymous_66)
FNDA:0,(anonymous_67)
FNDA:0,(anonymous_68)
FNDA:0,(anonymous_69)
FNDA:0,(anonymous_70)
FNDA:0,(anonymous_71)
FNDA:0,(anonymous_72)
FNDA:0,(anonymous_73)
FNDA:0,(anonymous_74)
FNDA:0,(anonymous_75)
FNDA:0,(anonymous_76)
FNDA:0,(anonymous_77)
FNDA:0,(anonymous_78)
FNDA:0,(anonymous_79)
DA:16,8
DA:17,8
DA:20,6
DA:23,6
DA:28,6
DA:29,6
DA:30,6
DA:31,6
DA:32,6
DA:33,6
DA:36,1
DA:37,3
DA:38,1
DA:41,3
DA:44,3
DA:47,7
DA:50,2
DA:53,2
DA:56,1
DA:59,1
DA:62,1
DA:65,1
DA:68,1
DA:71,1
DA:74,1
DA:77,2
DA:80,2
DA:83,8
DA:86,2
DA:89,2
DA:92,2
DA:95,7
DA:96,7
DA:97,7
DA:102,1
DA:106,21
DA:107,21
DA:122,21
DA:126,0
DA:127,0
DA:128,0
DA:129,0
DA:130,0
DA:131,0
DA:132,0
DA:135,0
DA:136,0
DA:139,0
DA:140,0
DA:141,0
DA:144,0
DA:145,0
DA:147,0
DA:151,0
DA:155,0
DA:157,0
DA:161,0
DA:164,0
DA:168,1
DA:170,1
DA:171,1
DA:173,1
DA:175,1
DA:176,1
DA:178,1
DA:186,1
DA:190,1
DA:193,2
DA:196,1
DA:199,1
DA:202,0
DA:203,0
DA:204,0
DA:205,0
DA:206,0
DA:207,0
DA:208,0
DA:209,0
DA:210,0
DA:211,0
DA:212,0
DA:213,0
DA:214,0
DA:218,0
DA:219,0
DA:223,0
DA:228,0
DA:229,0
DA:230,0
DA:231,0
DA:238,0
DA:239,0
DA:240,0
DA:244,0
DA:253,2
DA:254,2
DA:256,1
DA:260,2
DA:263,1
DA:264,1
DA:265,1
DA:268,1
DA:271,1
DA:274,1
DA:277,1
DA:280,0
DA:281,0
DA:282,0
DA:283,0
DA:284,0
DA:285,0
DA:286,0
DA:291,0
DA:292,0
DA:293,0
DA:294,0
DA:295,0
DA:300,0
DA:307,0
DA:308,0
DA:309,0
DA:310,0
DA:313,0
DA:315,0
DA:317,0
DA:325,0
DA:326,0
DA:329,0
DA:333,0
DA:339,1
DA:342,0
DA:343,0
DA:344,0
DA:352,0
DA:353,0
DA:354,0
DA:355,0
DA:356,0
DA:361,0
DA:362,0
DA:363,0
DA:364,0
DA:365,0
DA:370,0
DA:371,0
DA:372,0
DA:373,0
DA:374,0
DA:375,0
DA:376,0
DA:382,0
DA:383,0
DA:384,0
DA:385,0
DA:386,0
DA:395,1
DA:396,1
DA:400,21
DA:401,0
DA:402,0
DA:403,0
DA:404,0
DA:406,0
DA:412,21
DA:413,1
DA:414,0
DA:417,1
DA:418,1
DA:422,0
DA:423,0
DA:424,0
DA:426,0
DA:428,0
DA:432,0
DA:433,0
DA:437,1
DA:439,1
DA:448,0
DA:449,0
DA:450,0
DA:451,0
DA:472,0
DA:479,0
DA:486,0
DA:493,0
DA:502,0
DA:507,0
DA:512,0
DA:517,0
DA:522,0
DA:527,0
DA:532,0
DA:537,0
DA:542,0
DA:547,0
DA:557,0
DA:558,0
LF:197
LH:71
BRDA:53,0,0,2
BRDA:53,0,1,1
BRDA:56,1,0,1
BRDA:56,1,1,0
BRDA:74,2,0,1
BRDA:74,2,1,0
BRDA:74,3,0,1
BRDA:74,3,1,1
BRDA:95,4,0,7
BRDA:95,4,1,0
BRDA:131,5,0,0
BRDA:131,5,1,0
BRDA:209,6,0,0
BRDA:209,6,1,0
BRDA:210,7,0,0
BRDA:210,7,1,0
BRDA:229,8,0,0
BRDA:229,8,1,0
BRDA:238,9,0,0
BRDA:238,9,1,0
BRDA:263,10,0,1
BRDA:263,10,1,0
BRDA:264,11,0,1
BRDA:264,11,1,0
BRDA:271,12,0,1
BRDA:271,12,1,0
BRDA:274,13,0,1
BRDA:274,13,1,0
BRDA:281,14,0,0
BRDA:281,14,1,0
BRDA:282,15,0,0
BRDA:282,15,1,0
BRDA:283,16,0,0
BRDA:283,16,1,0
BRDA:283,17,0,0
BRDA:283,17,1,0
BRDA:284,18,0,0
BRDA:284,18,1,0
BRDA:286,19,0,0
BRDA:286,19,1,0
BRDA:287,20,0,0
BRDA:287,20,1,0
BRDA:287,20,2,0
BRDA:292,21,0,0
BRDA:292,21,1,0
BRDA:293,22,0,0
BRDA:293,22,1,0
BRDA:294,23,0,0
BRDA:294,23,1,0
BRDA:295,24,0,0
BRDA:295,24,1,0
BRDA:309,25,0,0
BRDA:309,25,1,0
BRDA:310,26,0,0
BRDA:310,26,1,0
BRDA:325,27,0,0
BRDA:325,27,1,0
BRDA:343,28,0,0
BRDA:343,28,1,0
BRDA:343,29,0,0
BRDA:343,29,1,0
BRDA:370,30,0,0
BRDA:370,30,1,0
BRDA:403,31,0,0
BRDA:403,31,1,0
BRDA:413,32,0,0
BRDA:413,32,1,1
BRDA:423,33,0,0
BRDA:423,33,1,0
BRDA:562,34,0,0
BRDA:562,34,1,1
BRF:71
BRH:13
end_of_record
TN:
SF:src\components\ItemFunction.js
FN:13,(anonymous_0)
FNF:1
FNH:1
FNDA:1,(anonymous_0)
DA:14,1
DA:15,1
DA:52,1
DA:58,1
LF:4
LH:4
BRDA:23,0,0,0
BRDA:23,0,1,1
BRF:2
BRH:1
end_of_record
TN:
SF:src\components\Items.js
FN:6,(anonymous_0)
FN:13,(anonymous_1)
FN:17,(anonymous_2)
FN:18,(anonymous_3)
FNF:4
FNH:2
FNDA:1,(anonymous_0)
FNDA:1,(anonymous_1)
FNDA:0,(anonymous_2)
FNDA:0,(anonymous_3)
DA:7,1
DA:8,1
DA:14,1
DA:18,0
DA:29,1
LF:5
LH:4
BRF:0
BRH:0
end_of_record
TN:
SF:src\components\List.js
FN:8,(anonymous_0)
FN:15,(anonymous_1)
FN:21,(anonymous_2)
FN:23,(anonymous_3)
FN:32,(anonymous_4)
FN:34,(anonymous_5)
FN:38,(anonymous_6)
FN:51,(anonymous_7)
FNF:8
FNH:7
FNDA:19,(anonymous_0)
FNDA:11,(anonymous_1)
FNDA:10,(anonymous_2)
FNDA:0,(anonymous_3)
FNDA:10,(anonymous_4)
FNDA:10,(anonymous_5)
FNDA:10,(anonymous_6)
FNDA:43,(anonymous_7)
DA:9,19
DA:10,19
DA:16,11
DA:17,11
DA:18,11
DA:21,19
DA:22,10
DA:24,0
DA:25,0
DA:27,0
DA:32,19
DA:33,10
DA:34,10
DA:38,19
DA:39,10
DA:52,43
LF:16
LH:13
BRDA:24,0,0,0
BRDA:24,0,1,0
BRF:2
BRH:0
end_of_record
